<?xml version="1.0" encoding="UTF-8"?>
<!-- Generated by org.testng.reporters.JUnitReportReporter -->
<testsuite hostname="DESKTOP-NAVVCOA" failures="0" tests="3" name="com.bridgelabz.test.BridgelabzWebinarScreen" time="82.074" errors="0" timestamp="2023-03-03T14:25:10 IST" skipped="0">
  <testcase classname="com.bridgelabz.test.BridgelabzWebinarScreen" name="WebinarScreen" time="25.953"/>
  <system-out/>
  <testcase classname="com.bridgelabz.test.BridgelabzWebinarScreen" name="WebinarScreen" time="26.148"/>
  <system-out/>
  <testcase classname="com.bridgelabz.test.BridgelabzWebinarScreen" name="WebinarScreen" time="29.973"/>
  <system-out/>
</testsuite> <!-- com.bridgelabz.test.BridgelabzWebinarScreen -->
