<?xml version="1.0" encoding="UTF-8"?>
<!-- Generated by org.testng.reporters.JUnitReportReporter -->
<testsuite hostname="DESKTOP-NAVVCOA" failures="0" tests="1" name="com.bridgelabz.test.FbLoginUsingRobotClass" time="3.016" errors="0" timestamp="2023-03-04T07:48:33 IST" skipped="0">
  <testcase classname="com.bridgelabz.test.FbLoginUsingRobotClass" name="RobotClass" time="3.016"/>
  <system-out/>
</testsuite> <!-- com.bridgelabz.test.FbLoginUsingRobotClass -->
