<?xml version="1.0" encoding="UTF-8"?>
<!-- Generated by org.testng.reporters.JUnitReportReporter -->
<testsuite hostname="DESKTOP-NAVVCOA" failures="0" tests="6" name="com.bridgelabz.test.WebinarScreenDataProvider" time="15.414" errors="0" timestamp="2023-03-04T07:48:33 IST" skipped="0">
  <testcase classname="com.bridgelabz.test.WebinarScreenDataProvider" name="phoneNo" time="0.962"/>
  <system-out/>
  <testcase classname="com.bridgelabz.test.WebinarScreenDataProvider" name="WebinarScreen" time="3.580"/>
  <system-out/>
  <testcase classname="com.bridgelabz.test.WebinarScreenDataProvider" name="WebinarScreen" time="5.800"/>
  <system-out/>
  <testcase classname="com.bridgelabz.test.WebinarScreenDataProvider" name="phoneNo" time="0.897"/>
  <system-out/>
  <testcase classname="com.bridgelabz.test.WebinarScreenDataProvider" name="phoneNo" time="0.884"/>
  <system-out/>
  <testcase classname="com.bridgelabz.test.WebinarScreenDataProvider" name="WebinarScreen" time="3.291"/>
  <system-out/>
</testsuite> <!-- com.bridgelabz.test.WebinarScreenDataProvider -->
