<?xml version="1.0" encoding="UTF-8"?>
<!-- Generated by org.testng.reporters.JUnitReportReporter -->
<testsuite hostname="DESKTOP-NAVVCOA" failures="0" tests="1" name="com.bridgelabz.test.JavaScriptExecutor" time="13.120" errors="0" timestamp="2023-03-04T07:48:33 IST" skipped="0">
  <testcase classname="com.bridgelabz.test.JavaScriptExecutor" name="Execute" time="13.120"/>
  <system-out/>
</testsuite> <!-- com.bridgelabz.test.JavaScriptExecutor -->
